<?xml version="1.0" encoding="UTF-8"?>
<!-- Generated by org.testng.reporters.JUnitReportReporter -->
<testsuite skipped="0" hostname="DESKTOP-LUTGEI3" name="apiTesting.Tc002_Post_Request" tests="1" failures="0" timestamp="2020-04-23T00:38:57 PDT" time="4.351" errors="0">
  <testcase name="Reistration" time="4.351" classname="apiTesting.Tc002_Post_Request"/>
  <system-out/>
</testsuite> <!-- apiTesting.Tc002_Post_Request -->
