<?xml version="1.0" encoding="UTF-8"?>
<!-- Generated by org.testng.reporters.JUnitReportReporter -->
<testsuite skipped="0" hostname="DESKTOP-LUTGEI3" name="apiTesting.Tc002_post_requests" tests="1" failures="0" timestamp="2020-04-23T00:38:24 PDT" time="4.456" errors="0">
  <testcase name="RegistrationSuccessful" time="4.456" classname="apiTesting.Tc002_post_requests"/>
  <system-out/>
</testsuite> <!-- apiTesting.Tc002_post_requests -->
