<?xml version="1.0" encoding="UTF-8"?>
<!-- Generated by org.testng.reporters.JUnitReportReporter -->
<testsuite skipped="0" hostname="DESKTOP-LUTGEI3" name="apiTesting.Demo1_GET_Request" tests="1" failures="0" timestamp="2020-04-21T13:07:41 PDT" time="3.860" errors="0">
  <testcase name="getWeatherDetails" time="3.860" classname="apiTesting.Demo1_GET_Request"/>
  <system-out/>
</testsuite> <!-- apiTesting.Demo1_GET_Request -->
